c:\users\minh tran\desktop\tutorials\plot\plot\x64\debug\vc141.pdb
c:\users\minh tran\desktop\tutorials\plot\plot\x64\debug\main.obj
c:\users\minh tran\desktop\tutorials\plot\plot\x64\debug\.netframework,version=v4.7.1.assemblyattributes.obj
c:\users\minh tran\desktop\tutorials\plot\plot\x64\debug\.netframework,version=v4.7.1.assemblyattributes.asm
c:\users\minh tran\desktop\tutorials\plot\x64\debug\plot.exe
c:\users\minh tran\desktop\tutorials\plot\x64\debug\plot.pdb
c:\users\minh tran\desktop\tutorials\plot\plot\x64\debug\plot.tlog\metagen.write.1.tlog
c:\users\minh tran\desktop\tutorials\plot\x64\debug\zedgraph.dll
c:\users\minh tran\desktop\tutorials\plot\x64\debug\zedgraph.xml
c:\users\minh tran\desktop\tutorials\plot\x64\debug\de\zedgraph.resources.dll
c:\users\minh tran\desktop\tutorials\plot\x64\debug\es\zedgraph.resources.dll
c:\users\minh tran\desktop\tutorials\plot\x64\debug\fr\zedgraph.resources.dll
c:\users\minh tran\desktop\tutorials\plot\x64\debug\hu\zedgraph.resources.dll
c:\users\minh tran\desktop\tutorials\plot\x64\debug\it\zedgraph.resources.dll
c:\users\minh tran\desktop\tutorials\plot\x64\debug\ja\zedgraph.resources.dll
c:\users\minh tran\desktop\tutorials\plot\x64\debug\pt\zedgraph.resources.dll
c:\users\minh tran\desktop\tutorials\plot\x64\debug\ru\zedgraph.resources.dll
c:\users\minh tran\desktop\tutorials\plot\x64\debug\sk\zedgraph.resources.dll
c:\users\minh tran\desktop\tutorials\plot\x64\debug\sv\zedgraph.resources.dll
c:\users\minh tran\desktop\tutorials\plot\x64\debug\tr\zedgraph.resources.dll
c:\users\minh tran\desktop\tutorials\plot\x64\debug\zh-cn\zedgraph.resources.dll
c:\users\minh tran\desktop\tutorials\plot\x64\debug\zh-tw\zedgraph.resources.dll
c:\users\minh tran\desktop\tutorials\plot\plot\x64\debug\plot.main.resources
c:\users\minh tran\desktop\tutorials\plot\plot\x64\debug\plot.vcxproj.generateresource.cache
c:\users\minh tran\desktop\tutorials\plot\plot\x64\debug\plot.tlog\cl.command.1.tlog
c:\users\minh tran\desktop\tutorials\plot\plot\x64\debug\plot.tlog\cl.read.1.tlog
c:\users\minh tran\desktop\tutorials\plot\plot\x64\debug\plot.tlog\cl.write.1.tlog
c:\users\minh tran\desktop\tutorials\plot\plot\x64\debug\plot.tlog\link.command.1.tlog
c:\users\minh tran\desktop\tutorials\plot\plot\x64\debug\plot.tlog\link.read.1.tlog
c:\users\minh tran\desktop\tutorials\plot\plot\x64\debug\plot.tlog\link.write.1.tlog
c:\users\minh tran\desktop\tutorials\plot\plot\x64\debug\plot.tlog\metagen.read.1.tlog
c:\users\minh tran\desktop\tutorials\plot\plot\x64\debug\plot.tlog\plot.write.1u.tlog
c:\users\minh tran\desktop\tutorials\plot\plot\x64\debug\plot.tlog\zedgraph.dll.metagen
